<?xml version="1.0" encoding="UTF-8"?>
<testsuite name="cz.quanti.cover.cache.domain.CacheStoreFactoryTest" tests="1" skipped="0" failures="0" errors="0" timestamp="2024-10-25T15:25:57" hostname="MacBook-Pro-2.local" time="0.132">
  <properties/>
  <testcase name="should create store correctly" classname="cz.quanti.cover.cache.domain.CacheStoreFactoryTest" time="0.132"/>
  <system-out><![CDATA[cacheSource.read
networkFlowMapping
cacheSource.write
cacheSource.delete
cacheSource.deleteAll
]]></system-out>
  <system-err><![CDATA[]]></system-err>
</testsuite>
